<?xml version="1.0" encoding="UTF-8"?>
<TEST_RESULT_NAME>
	<TestCase>
		<TESTCASE-ID>1</TESTCASE-ID>
		<TESTCASE-DESCRIPTION>Login to Flipkart</TESTCASE-DESCRIPTION>
		<Step>
			<StepNumber>1</StepNumber>
			<Description>Launch:Chrome:https://www.flipkart.com/</Description>
			<Comments> Launch Action Completed,Test Case:1.0=Launch Chrome
				https://www.flipkart.com/-PASS,</Comments>
			<Result>PASS</Result>
		</Step>
		<Step>
			<StepNumber>2</StepNumber>
			<Description>Enter:fUserName:rupesh.kmr@gmail.com</Description>
			<Comments> ELEMENT fUserName IDENTIFIED USING XPATH SELECTOR
				PROVIDED,The object is visible - fUserName,Text Entered Successfully
				rupesh.kmr@gmail.com,Test Case:1.1=Enter fUserName
				rupesh.kmr@gmail.com-PASS,</Comments>
			<Result>Pass</Result>
		</Step>
		<Step>
			<StepNumber>3</StepNumber>
			<Description>Enter:fPassword:Test123!</Description>
			<Comments> ELEMENT fPassword IDENTIFIED USING XPATH SELECTOR
				PROVIDED,The object is visible - fPassword,Text Entered Successfully
				Test123!,Test Case:1.2=Enter fPassword Test123!-PASS,</Comments>
			<Result>Pass</Result>
		</Step>
		<Step>
			<StepNumber>4</StepNumber>
			<Description>Click:fLogin</Description>
			<Comments> ELEMENT fLogin IDENTIFIED USING XPATH SELECTOR PROVIDED,
				Click Action Completed: fLogin,Test Case:1.3=Click fLogin-PASS,
			</Comments>
			<Result>Pass</Result>
		</Step>
		<OVERALL-RESULT>PASS.(4/4)</OVERALL-RESULT>
	</TestCase>
	<TestCase>
		<TESTCASE-ID>2</TESTCASE-ID>
		<TESTCASE-DESCRIPTION>Search for prodcut</TESTCASE-DESCRIPTION>
		<Step>
			<StepNumber>1</StepNumber>
			<Description>Launch:Chrome:https://www.flipkart.com/</Description>
			<Comments> Launch Action Completed,Test Case:2.0=Launch Chrome
				https://www.flipkart.com/-PASS,</Comments>
			<Result>Pass</Result>
		</Step>
		<Step>
			<StepNumber>2</StepNumber>
			<Description>Enter:fUserName:rupesh.kmr@gmail.com</Description>
			<Comments> ELEMENT fUserName IDENTIFIED USING XPATH SELECTOR
				PROVIDED,The object is visible - fUserName,Text Entered Successfully
				rupesh.kmr@gmail.com,Test Case:2.1=Enter fUserName
				rupesh.kmr@gmail.com-PASS,</Comments>
			<Result>Pass</Result>
		</Step>
		<Step>
			<StepNumber>3</StepNumber>
			<Description>Enter:fPassword:Test123!</Description>
			<Comments> ELEMENT fPassword IDENTIFIED USING XPATH SELECTOR
				PROVIDED,The object is visible - fPassword,Text Entered Successfully
				Test123!,Test Case:2.2=Enter fPassword Test123!-PASS,</Comments>
			<Result>Pass</Result>
		</Step>
		<Step>
			<StepNumber>4</StepNumber>
			<Description>Click:fLogin</Description>
			<Comments> ELEMENT fLogin IDENTIFIED USING XPATH SELECTOR PROVIDED,
				Click Action Completed: fLogin,Test Case:2.3=Click fLogin-PASS,
			</Comments>
			<Result>Pass</Result>
		</Step>
		<OVERALL-RESULT>PASS.(4/4)</OVERALL-RESULT>
	</TestCase>
	<totalTC>2</totalTC>
	<totalValidTC>2</totalValidTC>
	<totalTCPassed>2</totalTCPassed>
	<totalTCFailed>0</totalTCFailed>
	<notTestedCount>0</notTestedCount>
	<passPercentage>100.00</passPercentage>
	<failPercentage>0.00</failPercentage>
	<HEADER>Automation Test Results Report-( 2019/10/01 17:36:15-2019/10/01
		17:37:27) on Machine L-156199630 Windows 10 10.0</HEADER>
</TEST_RESULT_NAME>